[12-Dec-2018 02:26:40 UTC] PHP Warning:  mysqli_error() expects exactly 1 parameter, 0 given in /home/fffbdcom/public_html/travelstock/admin/backend.php on line 80
[12-Dec-2018 02:38:44 UTC] PHP Warning:  mysqli_error() expects exactly 1 parameter, 0 given in /home/fffbdcom/public_html/travelstock/admin/backend.php on line 80
[12-Dec-2018 02:44:56 UTC] PHP Warning:  mysqli_error() expects exactly 1 parameter, 0 given in /home/fffbdcom/public_html/travelstock/admin/backend.php on line 80
[12-Dec-2018 02:52:36 UTC] PHP Warning:  mysqli_error() expects exactly 1 parameter, 0 given in /home/fffbdcom/public_html/travelstock/admin/backend.php on line 80
[12-Dec-2018 02:58:00 UTC] PHP Warning:  mysqli_error() expects exactly 1 parameter, 0 given in /home/fffbdcom/public_html/travelstock/admin/backend.php on line 80
[12-Dec-2018 03:04:05 UTC] PHP Warning:  mysqli_error() expects exactly 1 parameter, 0 given in /home/fffbdcom/public_html/travelstock/admin/backend.php on line 80
[12-Dec-2018 03:04:37 UTC] PHP Warning:  mysqli_error() expects exactly 1 parameter, 0 given in /home/fffbdcom/public_html/travelstock/admin/backend.php on line 80
[15-Oct-2020 19:00:54 Europe/Berlin] PHP Notice:  Undefined index: file in E:\xampp\htdocs\tourismbd\admin\backend_hotel.php on line 67
[15-Oct-2020 19:00:54 Europe/Berlin] PHP Notice:  Trying to access array offset on value of type null in E:\xampp\htdocs\tourismbd\admin\backend_hotel.php on line 67
[15-Oct-2020 19:00:54 Europe/Berlin] PHP Notice:  Undefined index: image in E:\xampp\htdocs\tourismbd\admin\backend_hotel.php on line 74
[15-Oct-2020 19:00:54 Europe/Berlin] PHP Notice:  Trying to access array offset on value of type null in E:\xampp\htdocs\tourismbd\admin\backend_hotel.php on line 74
[15-Oct-2020 19:00:54 Europe/Berlin] PHP Warning:  mysqli_error() expects exactly 1 parameter, 0 given in E:\xampp\htdocs\tourismbd\admin\backend_hotel.php on line 82
[15-Oct-2020 19:38:09 Europe/Berlin] PHP Notice:  Undefined index: file in E:\xampp\htdocs\tourismbd\admin\backend_hotel.php on line 68
[15-Oct-2020 19:38:09 Europe/Berlin] PHP Notice:  Trying to access array offset on value of type null in E:\xampp\htdocs\tourismbd\admin\backend_hotel.php on line 68
[15-Oct-2020 19:38:09 Europe/Berlin] PHP Notice:  Undefined index: image in E:\xampp\htdocs\tourismbd\admin\backend_hotel.php on line 75
[15-Oct-2020 19:38:09 Europe/Berlin] PHP Notice:  Trying to access array offset on value of type null in E:\xampp\htdocs\tourismbd\admin\backend_hotel.php on line 75
[15-Oct-2020 19:38:09 Europe/Berlin] PHP Warning:  mysqli_error() expects exactly 1 parameter, 0 given in E:\xampp\htdocs\tourismbd\admin\backend_hotel.php on line 83
[15-Oct-2020 19:41:59 Europe/Berlin] PHP Notice:  Undefined index: file in E:\xampp\htdocs\tourismbd\admin\backend_hotel.php on line 68
[15-Oct-2020 19:41:59 Europe/Berlin] PHP Notice:  Trying to access array offset on value of type null in E:\xampp\htdocs\tourismbd\admin\backend_hotel.php on line 68
[15-Oct-2020 19:41:59 Europe/Berlin] PHP Notice:  Undefined index: image in E:\xampp\htdocs\tourismbd\admin\backend_hotel.php on line 75
[15-Oct-2020 19:42:00 Europe/Berlin] PHP Notice:  Trying to access array offset on value of type null in E:\xampp\htdocs\tourismbd\admin\backend_hotel.php on line 75
[15-Oct-2020 19:42:00 Europe/Berlin] PHP Warning:  mysqli_error() expects exactly 1 parameter, 0 given in E:\xampp\htdocs\tourismbd\admin\backend_hotel.php on line 85
